{"C:\\Users\\HP\\Desktop\\namaste-react\\namaste-react\\src\\components\\Body.js": {"path":"C:\\Users\\HP\\Desktop\\namaste-react\\namaste-react\\src\\components\\Body.js","statementMap":{"0":{"start":{"line":11,"column":13},"end":{"line":173,"column":1}},"1":{"start":{"line":13,"column":52},"end":{"line":13,"column":64}},"2":{"start":{"line":14,"column":56},"end":{"line":14,"column":68}},"3":{"start":{"line":15,"column":38},"end":{"line":15,"column":50}},"4":{"start":{"line":17,"column":33},"end":{"line":17,"column":67}},"5":{"start":{"line":18,"column":36},"end":{"line":18,"column":76}},"6":{"start":{"line":24,"column":2},"end":{"line":27,"column":9}},"7":{"start":{"line":25,"column":4},"end":{"line":25,"column":16}},"8":{"start":{"line":29,"column":40},"end":{"line":29,"column":63}},"9":{"start":{"line":31,"column":20},"end":{"line":43,"column":3}},"10":{"start":{"line":32,"column":17},"end":{"line":34,"column":5}},"11":{"start":{"line":35,"column":17},"end":{"line":35,"column":34}},"12":{"start":{"line":37,"column":4},"end":{"line":39,"column":6}},"13":{"start":{"line":40,"column":4},"end":{"line":42,"column":6}},"14":{"start":{"line":45,"column":27},"end":{"line":81,"column":3}},"15":{"start":{"line":46,"column":17},"end":{"line":77,"column":5}},"16":{"start":{"line":78,"column":17},"end":{"line":78,"column":32}},"17":{"start":{"line":80,"column":4},"end":{"line":80,"column":38}},"18":{"start":{"line":83,"column":23},"end":{"line":83,"column":40}},"19":{"start":{"line":85,"column":2},"end":{"line":87,"column":3}},"20":{"start":{"line":86,"column":4},"end":{"line":86,"column":47}},"21":{"start":{"line":96,"column":2},"end":{"line":172,"column":4}},"22":{"start":{"line":107,"column":14},"end":{"line":107,"column":44}},"23":{"start":{"line":113,"column":14},"end":{"line":113,"column":38}},"24":{"start":{"line":114,"column":35},"end":{"line":118,"column":15}},"25":{"start":{"line":115,"column":16},"end":{"line":117,"column":53}},"26":{"start":{"line":119,"column":14},"end":{"line":119,"column":51}},"27":{"start":{"line":130,"column":35},"end":{"line":132,"column":15}},"28":{"start":{"line":131,"column":25},"end":{"line":131,"column":47}},"29":{"start":{"line":133,"column":14},"end":{"line":133,"column":51}},"30":{"start":{"line":134,"column":14},"end":{"line":134,"column":45}},"31":{"start":{"line":146,"column":14},"end":{"line":146,"column":42}},"32":{"start":{"line":155,"column":10},"end":{"line":167,"column":17}}},"fnMap":{"0":{"name":"(anonymous_0)","decl":{"start":{"line":11,"column":13},"end":{"line":11,"column":14}},"loc":{"start":{"line":11,"column":19},"end":{"line":173,"column":1}},"line":11},"1":{"name":"(anonymous_1)","decl":{"start":{"line":24,"column":12},"end":{"line":24,"column":13}},"loc":{"start":{"line":24,"column":18},"end":{"line":27,"column":3}},"line":24},"2":{"name":"(anonymous_2)","decl":{"start":{"line":31,"column":20},"end":{"line":31,"column":21}},"loc":{"start":{"line":31,"column":32},"end":{"line":43,"column":3}},"line":31},"3":{"name":"(anonymous_3)","decl":{"start":{"line":45,"column":27},"end":{"line":45,"column":28}},"loc":{"start":{"line":45,"column":39},"end":{"line":81,"column":3}},"line":45},"4":{"name":"(anonymous_4)","decl":{"start":{"line":106,"column":22},"end":{"line":106,"column":23}},"loc":{"start":{"line":106,"column":29},"end":{"line":108,"column":13}},"line":106},"5":{"name":"(anonymous_5)","decl":{"start":{"line":112,"column":21},"end":{"line":112,"column":22}},"loc":{"start":{"line":112,"column":27},"end":{"line":120,"column":13}},"line":112},"6":{"name":"(anonymous_6)","decl":{"start":{"line":114,"column":60},"end":{"line":114,"column":61}},"loc":{"start":{"line":115,"column":16},"end":{"line":117,"column":53}},"line":115},"7":{"name":"(anonymous_7)","decl":{"start":{"line":128,"column":21},"end":{"line":128,"column":22}},"loc":{"start":{"line":128,"column":27},"end":{"line":135,"column":13}},"line":128},"8":{"name":"(anonymous_8)","decl":{"start":{"line":131,"column":16},"end":{"line":131,"column":17}},"loc":{"start":{"line":131,"column":25},"end":{"line":131,"column":47}},"line":131},"9":{"name":"(anonymous_9)","decl":{"start":{"line":145,"column":22},"end":{"line":145,"column":23}},"loc":{"start":{"line":145,"column":29},"end":{"line":147,"column":13}},"line":145},"10":{"name":"(anonymous_10)","decl":{"start":{"line":152,"column":33},"end":{"line":152,"column":34}},"loc":{"start":{"line":155,"column":10},"end":{"line":167,"column":17}},"line":155}},"branchMap":{"0":{"loc":{"start":{"line":85,"column":2},"end":{"line":87,"column":3}},"type":"if","locations":[{"start":{"line":85,"column":2},"end":{"line":87,"column":3}},{"start":{},"end":{}}],"line":85},"1":{"loc":{"start":{"line":96,"column":9},"end":{"line":172,"column":3}},"type":"cond-expr","locations":[{"start":{"line":97,"column":4},"end":{"line":97,"column":15}},{"start":{"line":99,"column":4},"end":{"line":171,"column":10}}],"line":96},"2":{"loc":{"start":{"line":160,"column":13},"end":{"line":166,"column":13}},"type":"cond-expr","locations":[{"start":{"line":161,"column":14},"end":{"line":161,"column":66}},{"start":{"line":163,"column":14},"end":{"line":165,"column":43}}],"line":160}},"s":{"0":1,"1":2,"2":2,"3":2,"4":2,"5":2,"6":2,"7":1,"8":2,"9":2,"10":1,"11":1,"12":1,"13":1,"14":2,"15":0,"16":0,"17":0,"18":2,"19":2,"20":0,"21":2,"22":0,"23":0,"24":0,"25":0,"26":0,"27":0,"28":0,"29":0,"30":0,"31":0,"32":9},"f":{"0":2,"1":1,"2":1,"3":0,"4":0,"5":0,"6":0,"7":0,"8":0,"9":0,"10":9},"b":{"0":[0,2],"1":[1,1],"2":[4,5]},"_coverageSchema":"1a1c01bbd47fc00a2c39e90264f33305004495a9","hash":"806083a4d52fe4c404e55f51ac386672e2d1ad05"}
,"C:\\Users\\HP\\Desktop\\namaste-react\\namaste-react\\src\\components\\Contact.js": {"path":"C:\\Users\\HP\\Desktop\\namaste-react\\namaste-react\\src\\components\\Contact.js","statementMap":{"0":{"start":{"line":1,"column":16},"end":{"line":22,"column":1}},"1":{"start":{"line":2,"column":2},"end":{"line":21,"column":4}}},"fnMap":{"0":{"name":"(anonymous_0)","decl":{"start":{"line":1,"column":16},"end":{"line":1,"column":17}},"loc":{"start":{"line":1,"column":22},"end":{"line":22,"column":1}},"line":1}},"branchMap":{},"s":{"0":1,"1":4},"f":{"0":4},"b":{},"_coverageSchema":"1a1c01bbd47fc00a2c39e90264f33305004495a9","hash":"28fe4eb13613b4b6df3db42bb8c7b85a08b6fa92"}
,"C:\\Users\\HP\\Desktop\\namaste-react\\namaste-react\\src\\components\\Header.js": {"path":"C:\\Users\\HP\\Desktop\\namaste-react\\namaste-react\\src\\components\\Header.js","statementMap":{"0":{"start":{"line":8,"column":15},"end":{"line":61,"column":1}},"1":{"start":{"line":9,"column":37},"end":{"line":9,"column":54}},"2":{"start":{"line":10,"column":2},"end":{"line":12,"column":21}},"3":{"start":{"line":11,"column":4},"end":{"line":11,"column":37}},"4":{"start":{"line":14,"column":23},"end":{"line":14,"column":40}},"5":{"start":{"line":15,"column":15},"end":{"line":15,"column":38}},"6":{"start":{"line":20,"column":20},"end":{"line":20,"column":60}},"7":{"start":{"line":20,"column":43},"end":{"line":20,"column":59}},"8":{"start":{"line":21,"column":2},"end":{"line":21,"column":31}},"9":{"start":{"line":23,"column":2},"end":{"line":60,"column":4}},"10":{"start":{"line":49,"column":14},"end":{"line":51,"column":38}}},"fnMap":{"0":{"name":"(anonymous_0)","decl":{"start":{"line":8,"column":15},"end":{"line":8,"column":16}},"loc":{"start":{"line":8,"column":21},"end":{"line":61,"column":1}},"line":8},"1":{"name":"(anonymous_1)","decl":{"start":{"line":10,"column":12},"end":{"line":10,"column":13}},"loc":{"start":{"line":10,"column":18},"end":{"line":12,"column":3}},"line":10},"2":{"name":"(anonymous_2)","decl":{"start":{"line":20,"column":32},"end":{"line":20,"column":33}},"loc":{"start":{"line":20,"column":43},"end":{"line":20,"column":59}},"line":20},"3":{"name":"(anonymous_3)","decl":{"start":{"line":48,"column":21},"end":{"line":48,"column":22}},"loc":{"start":{"line":48,"column":27},"end":{"line":52,"column":13}},"line":48}},"branchMap":{"0":{"loc":{"start":{"line":30,"column":47},"end":{"line":30,"column":73}},"type":"cond-expr","locations":[{"start":{"line":30,"column":62},"end":{"line":30,"column":66}},{"start":{"line":30,"column":69},"end":{"line":30,"column":73}}],"line":30},"1":{"loc":{"start":{"line":49,"column":14},"end":{"line":51,"column":37}},"type":"cond-expr","locations":[{"start":{"line":50,"column":18},"end":{"line":50,"column":38}},{"start":{"line":51,"column":18},"end":{"line":51,"column":37}}],"line":49}},"s":{"0":1,"1":5,"2":5,"3":5,"4":5,"5":5,"6":5,"7":9,"8":5,"9":5,"10":1},"f":{"0":5,"1":5,"2":9,"3":1},"b":{"0":[5,0],"1":[1,0]},"_coverageSchema":"1a1c01bbd47fc00a2c39e90264f33305004495a9","hash":"4541125ab81ea792a4dac8ca1b233ce89a85f9f1"}
,"C:\\Users\\HP\\Desktop\\namaste-react\\namaste-react\\src\\components\\ReastaurantCard.js": {"path":"C:\\Users\\HP\\Desktop\\namaste-react\\namaste-react\\src\\components\\ReastaurantCard.js","statementMap":{"0":{"start":{"line":6,"column":24},"end":{"line":27,"column":1}},"1":{"start":{"line":7,"column":22},"end":{"line":7,"column":27}},"2":{"start":{"line":8,"column":2},"end":{"line":8,"column":23}},"3":{"start":{"line":9,"column":27},"end":{"line":9,"column":50}},"4":{"start":{"line":11,"column":4},"end":{"line":11,"column":11}},"5":{"start":{"line":12,"column":2},"end":{"line":26,"column":4}},"6":{"start":{"line":33,"column":33},"end":{"line":44,"column":1}},"7":{"start":{"line":34,"column":2},"end":{"line":43,"column":4}},"8":{"start":{"line":35,"column":4},"end":{"line":42,"column":6}},"9":{"start":{"line":46,"column":39},"end":{"line":57,"column":1}},"10":{"start":{"line":47,"column":2},"end":{"line":56,"column":4}},"11":{"start":{"line":48,"column":4},"end":{"line":55,"column":6}}},"fnMap":{"0":{"name":"(anonymous_0)","decl":{"start":{"line":6,"column":24},"end":{"line":6,"column":25}},"loc":{"start":{"line":6,"column":35},"end":{"line":27,"column":1}},"line":6},"1":{"name":"(anonymous_1)","decl":{"start":{"line":33,"column":33},"end":{"line":33,"column":34}},"loc":{"start":{"line":33,"column":53},"end":{"line":44,"column":1}},"line":33},"2":{"name":"(anonymous_2)","decl":{"start":{"line":34,"column":9},"end":{"line":34,"column":10}},"loc":{"start":{"line":34,"column":20},"end":{"line":43,"column":3}},"line":34},"3":{"name":"(anonymous_3)","decl":{"start":{"line":46,"column":39},"end":{"line":46,"column":40}},"loc":{"start":{"line":46,"column":59},"end":{"line":57,"column":1}},"line":46},"4":{"name":"(anonymous_4)","decl":{"start":{"line":47,"column":9},"end":{"line":47,"column":10}},"loc":{"start":{"line":47,"column":20},"end":{"line":56,"column":3}},"line":47}},"branchMap":{},"s":{"0":2,"1":11,"2":11,"3":11,"4":11,"5":11,"6":2,"7":3,"8":5,"9":2,"10":2,"11":5},"f":{"0":11,"1":3,"2":5,"3":2,"4":5},"b":{},"_coverageSchema":"1a1c01bbd47fc00a2c39e90264f33305004495a9","hash":"121a75904acb89349c5be8dea2aaee9aa75c6a8b"}
,"C:\\Users\\HP\\Desktop\\namaste-react\\namaste-react\\src\\components\\Shimmer.js": {"path":"C:\\Users\\HP\\Desktop\\namaste-react\\namaste-react\\src\\components\\Shimmer.js","statementMap":{"0":{"start":{"line":1,"column":16},"end":{"line":17,"column":1}},"1":{"start":{"line":2,"column":2},"end":{"line":16,"column":4}}},"fnMap":{"0":{"name":"(anonymous_0)","decl":{"start":{"line":1,"column":16},"end":{"line":1,"column":17}},"loc":{"start":{"line":1,"column":22},"end":{"line":17,"column":1}},"line":1}},"branchMap":{},"s":{"0":1,"1":1},"f":{"0":1},"b":{},"_coverageSchema":"1a1c01bbd47fc00a2c39e90264f33305004495a9","hash":"49e558ef980bc2c3c2937f336f8e6b2401e7cabb"}
,"C:\\Users\\HP\\Desktop\\namaste-react\\namaste-react\\src\\components\\Sum.js": {"path":"C:\\Users\\HP\\Desktop\\namaste-react\\namaste-react\\src\\components\\Sum.js","statementMap":{"0":{"start":{"line":1,"column":19},"end":{"line":3,"column":1}},"1":{"start":{"line":2,"column":2},"end":{"line":2,"column":15}}},"fnMap":{"0":{"name":"(anonymous_0)","decl":{"start":{"line":1,"column":19},"end":{"line":1,"column":20}},"loc":{"start":{"line":1,"column":29},"end":{"line":3,"column":1}},"line":1}},"branchMap":{},"s":{"0":1,"1":1},"f":{"0":1},"b":{},"_coverageSchema":"1a1c01bbd47fc00a2c39e90264f33305004495a9","hash":"0485f09a08ecf66671585d675641b0a8d1847844"}
,"C:\\Users\\HP\\Desktop\\namaste-react\\namaste-react\\src\\utils\\UserContext.js": {"path":"C:\\Users\\HP\\Desktop\\namaste-react\\namaste-react\\src\\utils\\UserContext.js","statementMap":{"0":{"start":{"line":3,"column":20},"end":{"line":5,"column":2}}},"fnMap":{},"branchMap":{},"s":{"0":3},"f":{},"b":{},"_coverageSchema":"1a1c01bbd47fc00a2c39e90264f33305004495a9","hash":"c54641693a3d7e8d3931f576edde4e0095ec289e"}
,"C:\\Users\\HP\\Desktop\\namaste-react\\namaste-react\\src\\utils\\appStore.js": {"path":"C:\\Users\\HP\\Desktop\\namaste-react\\namaste-react\\src\\utils\\appStore.js","statementMap":{"0":{"start":{"line":4,"column":17},"end":{"line":6,"column":2}}},"fnMap":{},"branchMap":{},"s":{"0":1},"f":{},"b":{},"_coverageSchema":"1a1c01bbd47fc00a2c39e90264f33305004495a9","hash":"64100ede627367364b21bfa3996802eda7508614"}
,"C:\\Users\\HP\\Desktop\\namaste-react\\namaste-react\\src\\utils\\constants.js": {"path":"C:\\Users\\HP\\Desktop\\namaste-react\\namaste-react\\src\\utils\\constants.js","statementMap":{"0":{"start":{"line":2,"column":2},"end":{"line":2,"column":85}},"1":{"start":{"line":4,"column":2},"end":{"line":4,"column":74}},"2":{"start":{"line":6,"column":2},"end":{"line":6,"column":124}}},"fnMap":{},"branchMap":{},"s":{"0":3,"1":3,"2":3},"f":{},"b":{},"_coverageSchema":"1a1c01bbd47fc00a2c39e90264f33305004495a9","hash":"f628f44a6f9e530b19f6c44725dcb004d8a58a90"}
,"C:\\Users\\HP\\Desktop\\namaste-react\\namaste-react\\src\\utils\\useOnlineStatus.js": {"path":"C:\\Users\\HP\\Desktop\\namaste-react\\namaste-react\\src\\utils\\useOnlineStatus.js","statementMap":{"0":{"start":{"line":3,"column":24},"end":{"line":17,"column":1}},"1":{"start":{"line":4,"column":42},"end":{"line":4,"column":56}},"2":{"start":{"line":6,"column":2},"end":{"line":15,"column":9}},"3":{"start":{"line":7,"column":4},"end":{"line":10,"column":7}},"4":{"start":{"line":8,"column":6},"end":{"line":8,"column":25}},"5":{"start":{"line":9,"column":6},"end":{"line":9,"column":29}},"6":{"start":{"line":11,"column":4},"end":{"line":14,"column":7}},"7":{"start":{"line":12,"column":6},"end":{"line":12,"column":25}},"8":{"start":{"line":13,"column":6},"end":{"line":13,"column":28}},"9":{"start":{"line":16,"column":2},"end":{"line":16,"column":22}}},"fnMap":{"0":{"name":"(anonymous_0)","decl":{"start":{"line":3,"column":24},"end":{"line":3,"column":25}},"loc":{"start":{"line":3,"column":30},"end":{"line":17,"column":1}},"line":3},"1":{"name":"(anonymous_1)","decl":{"start":{"line":6,"column":12},"end":{"line":6,"column":13}},"loc":{"start":{"line":6,"column":18},"end":{"line":15,"column":3}},"line":6},"2":{"name":"(anonymous_2)","decl":{"start":{"line":7,"column":39},"end":{"line":7,"column":40}},"loc":{"start":{"line":7,"column":50},"end":{"line":10,"column":5}},"line":7},"3":{"name":"(anonymous_3)","decl":{"start":{"line":11,"column":38},"end":{"line":11,"column":39}},"loc":{"start":{"line":11,"column":49},"end":{"line":14,"column":5}},"line":11}},"branchMap":{},"s":{"0":2,"1":7,"2":7,"3":5,"4":0,"5":0,"6":5,"7":0,"8":0,"9":7},"f":{"0":7,"1":5,"2":0,"3":0},"b":{},"_coverageSchema":"1a1c01bbd47fc00a2c39e90264f33305004495a9","hash":"73c6b36f4b73ed04613ececc7a5aad5bebb9dd2d"}
,"C:\\Users\\HP\\Desktop\\namaste-react\\namaste-react\\src\\utils\\slices\\cartSlice.js": {"path":"C:\\Users\\HP\\Desktop\\namaste-react\\namaste-react\\src\\utils\\slices\\cartSlice.js","statementMap":{"0":{"start":{"line":3,"column":18},"end":{"line":19,"column":2}},"1":{"start":{"line":10,"column":6},"end":{"line":10,"column":39}},"2":{"start":{"line":13,"column":6},"end":{"line":13,"column":50}},"3":{"start":{"line":16,"column":6},"end":{"line":16,"column":29}},"4":{"start":{"line":28,"column":50},"end":{"line":28,"column":67}}},"fnMap":{"0":{"name":"(anonymous_0)","decl":{"start":{"line":7,"column":13},"end":{"line":7,"column":14}},"loc":{"start":{"line":7,"column":32},"end":{"line":11,"column":5}},"line":7},"1":{"name":"(anonymous_1)","decl":{"start":{"line":12,"column":16},"end":{"line":12,"column":17}},"loc":{"start":{"line":12,"column":35},"end":{"line":14,"column":5}},"line":12},"2":{"name":"(anonymous_2)","decl":{"start":{"line":15,"column":15},"end":{"line":15,"column":16}},"loc":{"start":{"line":15,"column":26},"end":{"line":17,"column":5}},"line":15}},"branchMap":{},"s":{"0":1,"1":0,"2":0,"3":0,"4":1},"f":{"0":0,"1":0,"2":0},"b":{},"_coverageSchema":"1a1c01bbd47fc00a2c39e90264f33305004495a9","hash":"e6fb53af6af94e129cb65df9112025b12f416b46"}
}
