TN:
SF:src\components\Body.js
FN:11,(anonymous_0)
FN:24,(anonymous_1)
FN:31,(anonymous_2)
FN:45,(anonymous_3)
FN:106,(anonymous_4)
FN:112,(anonymous_5)
FN:114,(anonymous_6)
FN:128,(anonymous_7)
FN:131,(anonymous_8)
FN:145,(anonymous_9)
FN:152,(anonymous_10)
FNF:11
FNH:4
FNDA:2,(anonymous_0)
FNDA:1,(anonymous_1)
FNDA:1,(anonymous_2)
FNDA:0,(anonymous_3)
FNDA:0,(anonymous_4)
FNDA:0,(anonymous_5)
FNDA:0,(anonymous_6)
FNDA:0,(anonymous_7)
FNDA:0,(anonymous_8)
FNDA:0,(anonymous_9)
FNDA:9,(anonymous_10)
DA:11,1
DA:13,2
DA:14,2
DA:15,2
DA:17,2
DA:18,2
DA:24,2
DA:25,1
DA:29,2
DA:31,2
DA:32,1
DA:35,1
DA:37,1
DA:40,1
DA:45,2
DA:46,0
DA:78,0
DA:80,0
DA:83,2
DA:85,2
DA:86,0
DA:96,2
DA:107,0
DA:113,0
DA:114,0
DA:115,0
DA:119,0
DA:130,0
DA:131,0
DA:133,0
DA:134,0
DA:146,0
DA:155,9
LF:33
LH:19
BRDA:85,0,0,0
BRDA:85,0,1,2
BRDA:96,1,0,1
BRDA:96,1,1,1
BRDA:160,2,0,4
BRDA:160,2,1,5
BRF:6
BRH:5
end_of_record
TN:
SF:src\components\Contact.js
FN:1,(anonymous_0)
FNF:1
FNH:1
FNDA:4,(anonymous_0)
DA:1,1
DA:2,4
LF:2
LH:2
BRF:0
BRH:0
end_of_record
TN:
SF:src\components\Header.js
FN:8,(anonymous_0)
FN:10,(anonymous_1)
FN:20,(anonymous_2)
FN:48,(anonymous_3)
FNF:4
FNH:4
FNDA:5,(anonymous_0)
FNDA:5,(anonymous_1)
FNDA:9,(anonymous_2)
FNDA:1,(anonymous_3)
DA:8,1
DA:9,5
DA:10,5
DA:11,5
DA:14,5
DA:15,5
DA:20,9
DA:21,5
DA:23,5
DA:49,1
LF:10
LH:10
BRDA:30,0,0,5
BRDA:30,0,1,0
BRDA:49,1,0,1
BRDA:49,1,1,0
BRF:4
BRH:2
end_of_record
TN:
SF:src\components\ReastaurantCard.js
FN:6,(anonymous_0)
FN:33,(anonymous_1)
FN:34,(anonymous_2)
FN:46,(anonymous_3)
FN:47,(anonymous_4)
FNF:5
FNH:5
FNDA:11,(anonymous_0)
FNDA:3,(anonymous_1)
FNDA:5,(anonymous_2)
FNDA:2,(anonymous_3)
FNDA:5,(anonymous_4)
DA:6,2
DA:7,11
DA:8,11
DA:9,11
DA:11,11
DA:12,11
DA:33,2
DA:34,3
DA:35,5
DA:46,2
DA:47,2
DA:48,5
LF:12
LH:12
BRF:0
BRH:0
end_of_record
TN:
SF:src\components\Shimmer.js
FN:1,(anonymous_0)
FNF:1
FNH:1
FNDA:1,(anonymous_0)
DA:1,1
DA:2,1
LF:2
LH:2
BRF:0
BRH:0
end_of_record
TN:
SF:src\components\Sum.js
FN:1,(anonymous_0)
FNF:1
FNH:1
FNDA:1,(anonymous_0)
DA:1,1
DA:2,1
LF:2
LH:2
BRF:0
BRH:0
end_of_record
TN:
SF:src\utils\UserContext.js
FNF:0
FNH:0
DA:3,3
LF:1
LH:1
BRF:0
BRH:0
end_of_record
TN:
SF:src\utils\appStore.js
FNF:0
FNH:0
DA:4,1
LF:1
LH:1
BRF:0
BRH:0
end_of_record
TN:
SF:src\utils\constants.js
FNF:0
FNH:0
DA:2,3
DA:4,3
DA:6,3
LF:3
LH:3
BRF:0
BRH:0
end_of_record
TN:
SF:src\utils\useOnlineStatus.js
FN:3,(anonymous_0)
FN:6,(anonymous_1)
FN:7,(anonymous_2)
FN:11,(anonymous_3)
FNF:4
FNH:2
FNDA:7,(anonymous_0)
FNDA:5,(anonymous_1)
FNDA:0,(anonymous_2)
FNDA:0,(anonymous_3)
DA:3,2
DA:4,7
DA:6,7
DA:7,5
DA:8,0
DA:9,0
DA:11,5
DA:12,0
DA:13,0
DA:16,7
LF:10
LH:6
BRF:0
BRH:0
end_of_record
TN:
SF:src\utils\slices\cartSlice.js
FN:7,(anonymous_0)
FN:12,(anonymous_1)
FN:15,(anonymous_2)
FNF:3
FNH:0
FNDA:0,(anonymous_0)
FNDA:0,(anonymous_1)
FNDA:0,(anonymous_2)
DA:3,1
DA:10,0
DA:13,0
DA:16,0
DA:28,1
LF:5
LH:2
BRF:0
BRH:0
end_of_record
